<?xml version="1.0" encoding="UTF-8"?>
<!-- Generated by org.testng.reporters.JUnitReportReporter -->
<testsuite hostname="Dell" failures="0" tests="5" name="Task.TestngTask1" time="10.180" errors="0" timestamp="2022-09-26T16:32:55 IST" skipped="1">
  <testcase classname="Task.TestngTask1" name="Title" time="0.418"/>
  <system-out/>
  <testcase classname="Task.TestngTask1" name="logbtn" time="0.053"/>
  <system-out/>
  <testcase classname="Task.TestngTask1" name="EnterCred" time="9.648"/>
  <system-out/>
  <testcase classname="Task.TestngTask1" name="login" time="0.061"/>
  <system-out/>
  <testcase classname="Task.TestngTask1" name="logout">
    <skipped/>
  </testcase> <!-- logout -->
  <system-out/>
</testsuite> <!-- Task.TestngTask1 -->
