<?xml version="1.0" encoding="UTF-8"?>
<!-- Generated by org.testng.reporters.JUnitReportReporter -->
<testsuite hostname="Dell" failures="0" tests="3" name="datapro.New" time="35.477" errors="0" timestamp="2022-11-19T14:18:10 IST" skipped="0">
  <testcase classname="datapro.New" name="loginfunction" time="10.094"/>
  <system-out/>
  <testcase classname="datapro.New" name="loginfunction" time="15.459"/>
  <system-out/>
  <testcase classname="datapro.New" name="loginfunction" time="9.924"/>
  <system-out/>
</testsuite> <!-- datapro.New -->
