<?xml version="1.0" encoding="UTF-8"?>
<!-- Generated by org.testng.reporters.JUnitReportReporter -->
<testsuite hostname="Dell" failures="0" tests="1" name="Google.NewOperation" time="21.051" errors="0" timestamp="2022-10-20T23:34:27 IST" skipped="0">
  <testcase classname="Google.NewOperation" name="selenium" time="21.051"/>
  <system-out/>
</testsuite> <!-- Google.NewOperation -->
