<?xml version="1.0" encoding="UTF-8"?>
<!-- Generated by org.testng.reporters.JUnitReportReporter -->
<testsuite hostname="Dell" failures="0" tests="2" name="Testng.AnnotationDemo" time="0.003" errors="0" timestamp="2022-09-22T23:15:37 IST" skipped="0">
  <testcase classname="Testng.AnnotationDemo" name="homepage" time="0.001"/>
  <system-out/>
  <testcase classname="Testng.AnnotationDemo" name="profile" time="0.002"/>
  <system-out/>
</testsuite> <!-- Testng.AnnotationDemo -->
