<?xml version="1.0" encoding="UTF-8"?>
<!-- Generated by org.testng.reporters.JUnitReportReporter -->
<testsuite hostname="Dell" failures="0" tests="5" name="Task.TestngTask2" time="12.428" errors="0" timestamp="2022-09-22T19:37:54 IST" skipped="0">
  <testcase classname="Task.TestngTask2" name="EnterCred" time="1.427"/>
  <system-out/>
  <testcase classname="Task.TestngTask2" name="logbtn" time="0.097"/>
  <system-out/>
  <testcase classname="Task.TestngTask2" name="MyInfo" time="6.218"/>
  <system-out/>
  <testcase classname="Task.TestngTask2" name="profile" time="0.543"/>
  <system-out/>
  <testcase classname="Task.TestngTask2" name="logout" time="4.143"/>
  <system-out/>
</testsuite> <!-- Task.TestngTask2 -->
