<?xml version="1.0" encoding="UTF-8"?>
<!-- Generated by org.testng.reporters.JUnitReportReporter -->
<testsuite hostname="Dell" failures="0" tests="2" name="ParameterTestNg.Demo" time="50.224" errors="0" timestamp="2022-10-06T14:52:57 IST" skipped="0">
  <testcase classname="ParameterTestNg.Demo" name="paremtr" time="17.631"/>
  <system-out/>
  <testcase classname="ParameterTestNg.Demo" name="paremtr" time="32.593"/>
  <system-out/>
</testsuite> <!-- ParameterTestNg.Demo -->
