<?xml version="1.0" encoding="UTF-8"?>
<!-- Generated by org.testng.reporters.JUnitReportReporter -->
<testsuite hostname="Dell" failures="0" tests="2" name="Annotation.Demo1" time="0.014" errors="0" timestamp="2022-10-21T19:25:43 IST" skipped="0">
  <testcase classname="Annotation.Demo1" name="myTestMethod1" time="0.009"/>
  <system-out/>
  <testcase classname="Annotation.Demo1" name="myTestMethod2" time="0.005"/>
  <system-out/>
</testsuite> <!-- Annotation.Demo1 -->
