<?xml version="1.0" encoding="UTF-8"?>
<!-- Generated by org.testng.reporters.JUnitReportReporter -->
<testsuite hostname="Dell" failures="0" tests="1" name="Google.Operation" time="5.374" errors="0" timestamp="2022-10-20T18:01:00 IST" skipped="0">
  <testcase classname="Google.Operation" name="selenium" time="5.374"/>
  <system-out/>
</testsuite> <!-- Google.Operation -->
