<?xml version="1.0" encoding="UTF-8"?>
<!-- Generated by org.testng.reporters.JUnitReportReporter -->
<testsuite hostname="Dell" failures="0" tests="2" name="Annotation.Demo2" time="0.009" errors="0" timestamp="2022-09-22T23:19:19 IST" skipped="0">
  <testcase classname="Annotation.Demo2" name="myTestMethod4" time="0.002"/>
  <system-out/>
  <testcase classname="Annotation.Demo2" name="myTestMethod3" time="0.007"/>
  <system-out/>
</testsuite> <!-- Annotation.Demo2 -->
