<?xml version="1.0" encoding="UTF-8"?>
<!-- Generated by org.testng.reporters.JUnitReportReporter -->
<testsuite hostname="Dell" failures="0" tests="2" name="Testng.Annotation" time="0.016" errors="0" timestamp="2022-10-17T21:37:10 IST" skipped="0">
  <testcase classname="Testng.Annotation" name="login" time="0.014"/>
  <system-out/>
  <testcase classname="Testng.Annotation" name="logout" time="0.002"/>
  <system-out/>
</testsuite> <!-- Testng.Annotation -->
